<?xml version="1.0"?><coverage lines-covered="35" lines-valid="147" line-rate="0.23809523809523808" branches-covered="0" branches-valid="0" branch-rate="0" complexity="0" version="1.9" timestamp="1762439049"><sources><source>/Users/fabio/ldns/dnsraw</source></sources><packages><package name="src" line-rate="0.23809523809523808" branch-rate="0" complexity="0"><classes><class name="blocklookup" filename="src/blocklookup.rs" line-rate="0.23214285714285715" branch-rate="0" complexity="0"><methods/><lines><line number="18" hits="4"/><line number="19" hits="4"/><line number="20" hits="8"/><line number="23" hits="4"/><line number="24" hits="6"/><line number="25" hits="8"/><line number="26" hits="2"/><line number="28" hits="1467345"/><line number="29" hits="489099"/><line number="30" hits="489097"/><line number="31" hits="489097"/><line number="32" hits="489097"/><line number="34" hits="1467293"/><line number="37" hits="0"/><line number="38" hits="0"/><line number="39" hits="0"/><line number="40" hits="0"/><line number="41" hits="0"/><line number="43" hits="0"/><line number="44" hits="0"/><line number="45" hits="0"/><line number="46" hits="0"/><line number="50" hits="0"/><line number="51" hits="0"/><line number="54" hits="0"/><line number="55" hits="0"/><line number="56" hits="0"/><line number="58" hits="0"/><line number="59" hits="0"/><line number="61" hits="0"/><line number="62" hits="0"/><line number="65" hits="0"/><line number="66" hits="0"/><line number="67" hits="0"/><line number="68" hits="0"/><line number="70" hits="0"/><line number="72" hits="0"/><line number="73" hits="0"/><line number="75" hits="0"/><line number="78" hits="0"/><line number="79" hits="0"/><line number="80" hits="0"/><line number="81" hits="0"/><line number="82" hits="0"/><line number="83" hits="0"/><line number="84" hits="0"/><line number="86" hits="0"/><line number="88" hits="0"/><line number="90" hits="0"/><line number="93" hits="0"/><line number="94" hits="0"/><line number="97" hits="0"/><line number="98" hits="0"/><line number="100" hits="0"/><line number="101" hits="0"/><line number="105" hits="0"/></lines></class><class name="lib" filename="src/lib.rs" line-rate="0.8333333333333334" branch-rate="0" complexity="0"><methods/><lines><line number="23" hits="1"/><line number="24" hits="4"/><line number="25" hits="5"/><line number="26" hits="2"/><line number="27" hits="0"/><line number="31" hits="5"/><line number="32" hits="2"/><line number="33" hits="1"/><line number="35" hits="1"/><line number="37" hits="0"/><line number="56" hits="2"/><line number="57" hits="8"/><line number="58" hits="6"/><line number="60" hits="2"/><line number="62" hits="4"/><line number="63" hits="4"/><line number="64" hits="0"/><line number="67" hits="4"/></lines></class><class name="main" filename="src/main.rs" line-rate="0" branch-rate="0" complexity="0"><methods/><lines><line number="7" hits="0"/><line number="8" hits="0"/><line number="11" hits="0"/><line number="13" hits="0"/><line number="15" hits="0"/><line number="16" hits="0"/><line number="17" hits="0"/></lines></class><class name="resolver" filename="src/resolver.rs" line-rate="0.7" branch-rate="0" complexity="0"><methods/><lines><line number="4" hits="2"/><line number="6" hits="2"/><line number="7" hits="3"/><line number="8" hits="1"/><line number="10" hits="9"/><line number="11" hits="2"/><line number="12" hits="1"/><line number="14" hits="0"/><line number="15" hits="0"/><line number="16" hits="0"/></lines></class><class name="udplistener" filename="src/udplistener.rs" line-rate="0" branch-rate="0" complexity="0"><methods/><lines><line number="10" hits="0"/><line number="12" hits="0"/><line number="13" hits="0"/><line number="14" hits="0"/><line number="17" hits="0"/><line number="18" hits="0"/><line number="21" hits="0"/><line number="22" hits="0"/><line number="23" hits="0"/><line number="25" hits="0"/><line number="26" hits="0"/><line number="28" hits="0"/><line number="29" hits="0"/><line number="30" hits="0"/><line number="31" hits="0"/><line number="33" hits="0"/><line number="34" hits="0"/><line number="35" hits="0"/><line number="36" hits="0"/><line number="38" hits="0"/><line number="39" hits="0"/><line number="40" hits="0"/><line number="41" hits="0"/><line number="42" hits="0"/><line number="43" hits="0"/><line number="47" hits="0"/><line number="50" hits="0"/><line number="51" hits="0"/><line number="52" hits="0"/><line number="55" hits="0"/><line number="60" hits="0"/><line number="66" hits="0"/><line number="68" hits="0"/><line number="69" hits="0"/><line number="70" hits="0"/><line number="71" hits="0"/><line number="73" hits="0"/><line number="74" hits="0"/><line number="75" hits="0"/><line number="76" hits="0"/><line number="77" hits="0"/><line number="79" hits="0"/><line number="80" hits="0"/><line number="82" hits="0"/><line number="83" hits="0"/><line number="84" hits="0"/><line number="85" hits="0"/><line number="86" hits="0"/><line number="88" hits="0"/><line number="89" hits="0"/><line number="90" hits="0"/><line number="91" hits="0"/><line number="97" hits="0"/><line number="98" hits="0"/><line number="99" hits="0"/><line number="101" hits="0"/></lines></class></classes></package><package name="tests" line-rate="0" branch-rate="0" complexity="0"><classes></classes></package></packages></coverage>