<?xml version="1.0"?><coverage lines-covered="73" lines-valid="209" line-rate="0.3492822966507177" branches-covered="0" branches-valid="0" branch-rate="0" complexity="0" version="1.9" timestamp="1763585083"><sources><source>/Users/fabio/ldns/dnsraw</source></sources><packages><package name="tests" line-rate="0" branch-rate="0" complexity="0"><classes></classes></package><package name="src" line-rate="0.3492822966507177" branch-rate="0" complexity="0"><classes><class name="api" filename="src/api.rs" line-rate="0.6052631578947368" branch-rate="0" complexity="0"><methods/><lines><line number="41" hits="8"/><line number="42" hits="8"/><line number="47" hits="8"/><line number="48" hits="3"/><line number="49" hits="1"/><line number="56" hits="9"/><line number="57" hits="3"/><line number="58" hits="3"/><line number="60" hits="6"/><line number="61" hits="0"/><line number="62" hits="0"/><line number="63" hits="0"/><line number="69" hits="18"/><line number="70" hits="6"/><line number="71" hits="0"/><line number="72" hits="0"/><line number="73" hits="0"/><line number="79" hits="3"/><line number="80" hits="3"/><line number="81" hits="3"/><line number="86" hits="8"/><line number="87" hits="4"/><line number="88" hits="0"/><line number="89" hits="0"/><line number="90" hits="0"/><line number="101" hits="6"/><line number="105" hits="6"/><line number="106" hits="6"/><line number="107" hits="4"/><line number="108" hits="2"/><line number="117" hits="5"/><line number="118" hits="20"/><line number="121" hits="0"/><line number="122" hits="0"/><line number="126" hits="0"/><line number="128" hits="0"/><line number="129" hits="0"/><line number="130" hits="0"/></lines></class><class name="blocklookup" filename="src/blocklookup.rs" line-rate="0.3815789473684211" branch-rate="0" complexity="0"><methods/><lines><line number="18" hits="4"/><line number="19" hits="4"/><line number="20" hits="1400357"/><line number="21" hits="466771"/><line number="22" hits="466767"/><line number="23" hits="466767"/><line number="24" hits="466767"/><line number="36" hits="8"/><line number="37" hits="8"/><line number="38" hits="2"/><line number="40" hits="8"/><line number="44" hits="2"/><line number="45" hits="4"/><line number="46" hits="0"/><line number="47" hits="0"/><line number="48" hits="0"/><line number="55" hits="12"/><line number="58" hits="12"/><line number="60" hits="8"/><line number="64" hits="8"/><line number="65" hits="8"/><line number="69" hits="4"/><line number="72" hits="4"/><line number="74" hits="6"/><line number="77" hits="4"/><line number="80" hits="4"/><line number="81" hits="1"/><line number="86" hits="4"/><line number="87" hits="3"/><line number="88" hits="4"/><line number="89" hits="2"/><line number="90" hits="0"/><line number="94" hits="1"/><line number="97" hits="0"/><line number="98" hits="0"/><line number="99" hits="0"/><line number="100" hits="0"/><line number="101" hits="0"/><line number="103" hits="0"/><line number="104" hits="0"/><line number="105" hits="0"/><line number="106" hits="0"/><line number="110" hits="0"/><line number="111" hits="0"/><line number="114" hits="0"/><line number="115" hits="0"/><line number="116" hits="0"/><line number="118" hits="0"/><line number="119" hits="0"/><line number="121" hits="0"/><line number="122" hits="0"/><line number="125" hits="0"/><line number="126" hits="0"/><line number="127" hits="0"/><line number="128" hits="0"/><line number="130" hits="0"/><line number="132" hits="0"/><line number="133" hits="0"/><line number="135" hits="0"/><line number="138" hits="0"/><line number="139" hits="0"/><line number="140" hits="0"/><line number="141" hits="0"/><line number="142" hits="0"/><line number="143" hits="0"/><line number="144" hits="0"/><line number="146" hits="0"/><line number="148" hits="0"/><line number="150" hits="0"/><line number="153" hits="0"/><line number="154" hits="0"/><line number="157" hits="0"/><line number="158" hits="0"/><line number="160" hits="0"/><line number="161" hits="0"/><line number="165" hits="0"/></lines></class><class name="lib" filename="src/lib.rs" line-rate="0.7777777777777778" branch-rate="0" complexity="0"><methods/><lines><line number="26" hits="1"/><line number="27" hits="4"/><line number="28" hits="5"/><line number="29" hits="2"/><line number="30" hits="0"/><line number="34" hits="4"/><line number="35" hits="2"/><line number="36" hits="0"/><line number="38" hits="1"/><line number="40" hits="0"/><line number="59" hits="2"/><line number="60" hits="8"/><line number="61" hits="6"/><line number="63" hits="6"/><line number="65" hits="4"/><line number="66" hits="4"/><line number="67" hits="0"/><line number="70" hits="4"/></lines></class><class name="main" filename="src/main.rs" line-rate="0" branch-rate="0" complexity="0"><methods/><lines><line number="8" hits="0"/><line number="9" hits="0"/><line number="13" hits="0"/><line number="14" hits="0"/><line number="15" hits="0"/><line number="18" hits="0"/><line number="21" hits="0"/><line number="23" hits="0"/><line number="25" hits="0"/><line number="26" hits="0"/><line number="27" hits="0"/></lines></class><class name="resolver" filename="src/resolver.rs" line-rate="0.7" branch-rate="0" complexity="0"><methods/><lines><line number="4" hits="2"/><line number="6" hits="2"/><line number="7" hits="3"/><line number="8" hits="1"/><line number="10" hits="9"/><line number="11" hits="2"/><line number="12" hits="1"/><line number="14" hits="0"/><line number="15" hits="0"/><line number="16" hits="0"/></lines></class><class name="udplistener" filename="src/udplistener.rs" line-rate="0" branch-rate="0" complexity="0"><methods/><lines><line number="10" hits="0"/><line number="12" hits="0"/><line number="13" hits="0"/><line number="14" hits="0"/><line number="17" hits="0"/><line number="18" hits="0"/><line number="21" hits="0"/><line number="22" hits="0"/><line number="23" hits="0"/><line number="25" hits="0"/><line number="26" hits="0"/><line number="28" hits="0"/><line number="29" hits="0"/><line number="30" hits="0"/><line number="31" hits="0"/><line number="33" hits="0"/><line number="34" hits="0"/><line number="35" hits="0"/><line number="36" hits="0"/><line number="38" hits="0"/><line number="39" hits="0"/><line number="40" hits="0"/><line number="41" hits="0"/><line number="42" hits="0"/><line number="43" hits="0"/><line number="47" hits="0"/><line number="50" hits="0"/><line number="51" hits="0"/><line number="52" hits="0"/><line number="55" hits="0"/><line number="60" hits="0"/><line number="66" hits="0"/><line number="68" hits="0"/><line number="69" hits="0"/><line number="70" hits="0"/><line number="71" hits="0"/><line number="73" hits="0"/><line number="74" hits="0"/><line number="75" hits="0"/><line number="76" hits="0"/><line number="77" hits="0"/><line number="79" hits="0"/><line number="80" hits="0"/><line number="82" hits="0"/><line number="83" hits="0"/><line number="84" hits="0"/><line number="85" hits="0"/><line number="86" hits="0"/><line number="88" hits="0"/><line number="89" hits="0"/><line number="90" hits="0"/><line number="91" hits="0"/><line number="97" hits="0"/><line number="98" hits="0"/><line number="99" hits="0"/><line number="101" hits="0"/></lines></class></classes></package></packages></coverage>